2026-01-21 23:44:44 - ======== ablation_no_lstm 消融实验启动 ========
2026-01-21 23:44:44 - >>> 新高点！保存最佳模型 (no_lstm)。
2026-01-21 23:44:44 -     历史单回合最高收入: 17.5 (万)
2026-01-21 23:44:45 - >>> 新高点！保存最佳模型 (no_lstm)。
2026-01-21 23:44:45 -     历史单回合最高收入: 27.4 (万)
2026-01-21 23:44:45 - >>> 新高点！保存最佳模型 (no_lstm)。
2026-01-21 23:44:45 -     历史单回合最高收入: 42.1 (万)
2026-01-21 23:44:45 - >>> 新高点！保存最佳模型 (no_lstm)。
2026-01-21 23:44:45 -     历史单回合最高收入: 51.9 (万)
2026-01-21 23:44:45 - E 10/2000 | 10回合平均收入: 30.3 | Loss(C/A): 0.00/0.00 | Alpha: 1.0000
2026-01-21 23:44:46 - E 20/2000 | 10回合平均收入: 26.3 | Loss(C/A): 0.00/0.00 | Alpha: 1.0000
2026-01-21 23:44:46 - >>> 新高点！保存最佳模型 (no_lstm)。
2026-01-21 23:44:46 -     历史单回合最高收入: 57.3 (万)
2026-01-21 23:44:47 - >>> 新高点！保存最佳模型 (no_lstm)。
2026-01-21 23:44:47 -     历史单回合最高收入: 67.7 (万)
2026-01-21 23:44:47 - E 30/2000 | 10回合平均收入: 35.5 | Loss(C/A): 0.00/0.00 | Alpha: 1.0000
2026-01-21 23:44:48 - E 40/2000 | 10回合平均收入: 25.6 | Loss(C/A): 0.00/0.00 | Alpha: 1.0000
2026-01-21 23:44:48 - E 50/2000 | 10回合平均收入: 24.6 | Loss(C/A): 0.00/0.00 | Alpha: 1.0000
2026-01-21 23:44:55 - >>> 新高点！保存最佳模型 (no_lstm)。
2026-01-21 23:44:55 -     历史单回合最高收入: 70.4 (万)
2026-01-21 23:44:55 - E 60/2000 | 10回合平均收入: 35.1 | Loss(C/A): 108.99/-59.84 | Alpha: 0.9905
2026-01-21 23:44:58 - >>> 新高点！保存最佳模型 (no_lstm)。
2026-01-21 23:44:58 -     历史单回合最高收入: 77.1 (万)
2026-01-21 23:44:59 - >>> 新高点！保存最佳模型 (no_lstm)。
2026-01-21 23:44:59 -     历史单回合最高收入: 90.2 (万)
2026-01-21 23:45:00 - E 70/2000 | 10回合平均收入: 37.5 | Loss(C/A): 234.83/-81.44 | Alpha: 0.9815
2026-01-21 23:45:06 - E 80/2000 | 10回合平均收入: 32.5 | Loss(C/A): 434.04/-104.38 | Alpha: 0.9727
2026-01-21 23:45:07 - >>> 新高点！保存最佳模型 (no_lstm)。
2026-01-21 23:45:07 -     历史单回合最高收入: 94.1 (万)
2026-01-21 23:45:07 - >>> 新高点！保存最佳模型 (no_lstm)。
2026-01-21 23:45:07 -     历史单回合最高收入: 101.2 (万)
2026-01-21 23:45:11 - >>> 新高点！保存最佳模型 (no_lstm)。
2026-01-21 23:45:11 -     历史单回合最高收入: 121.5 (万)
2026-01-21 23:45:13 - E 90/2000 | 10回合平均收入: 62.9 | Loss(C/A): 747.40/-127.54 | Alpha: 0.9640
2026-01-21 23:45:15 - >>> 新高点！保存最佳模型 (no_lstm)。
2026-01-21 23:45:15 -     历史单回合最高收入: 151.5 (万)
2026-01-21 23:45:17 - >>> 新高点！保存最佳模型 (no_lstm)。
2026-01-21 23:45:17 -     历史单回合最高收入: 151.7 (万)
2026-01-21 23:45:19 - E 100/2000 | 10回合平均收入: 86.9 | Loss(C/A): 979.82/-151.24 | Alpha: 0.9555
2026-01-21 23:45:26 - E 110/2000 | 10回合平均收入: 65.7 | Loss(C/A): 1494.53/-171.70 | Alpha: 0.9471
2026-01-21 23:45:32 - E 120/2000 | 10回合平均收入: 48.3 | Loss(C/A): 1956.77/-191.74 | Alpha: 0.9389
2026-01-21 23:45:38 - >>> 新高点！保存最佳模型 (no_lstm)。
2026-01-21 23:45:38 -     历史单回合最高收入: 206.4 (万)
2026-01-21 23:45:38 - E 130/2000 | 10回合平均收入: 71.9 | Loss(C/A): 2531.13/-210.83 | Alpha: 0.9307
2026-01-21 23:45:44 - >>> 新高点！保存最佳模型 (no_lstm)。
2026-01-21 23:45:44 -     历史单回合最高收入: 239.8 (万)
2026-01-21 23:45:45 - E 140/2000 | 10回合平均收入: 67.4 | Loss(C/A): 2611.29/-229.00 | Alpha: 0.9226
2026-01-21 23:45:51 - E 150/2000 | 10回合平均收入: 89.7 | Loss(C/A): 3091.98/-244.58 | Alpha: 0.9145
2026-01-21 23:45:57 - E 160/2000 | 10回合平均收入: 71.4 | Loss(C/A): 3372.83/-259.16 | Alpha: 0.9064
2026-01-21 23:46:04 - E 170/2000 | 10回合平均收入: 63.7 | Loss(C/A): 3828.97/-271.85 | Alpha: 0.8984
2026-01-21 23:46:10 - E 180/2000 | 10回合平均收入: 46.9 | Loss(C/A): 4546.12/-283.06 | Alpha: 0.8905
2026-01-21 23:46:17 - E 190/2000 | 10回合平均收入: 46.2 | Loss(C/A): 4701.24/-293.79 | Alpha: 0.8826
2026-01-21 23:46:25 - E 200/2000 | 10回合平均收入: 52.7 | Loss(C/A): 5183.57/-302.45 | Alpha: 0.8747
2026-01-21 23:46:31 - E 210/2000 | 10回合平均收入: 53.9 | Loss(C/A): 4698.47/-313.68 | Alpha: 0.8670
2026-01-21 23:46:38 - E 220/2000 | 10回合平均收入: 89.9 | Loss(C/A): 5899.96/-318.79 | Alpha: 0.8592
2026-01-21 23:46:44 - E 230/2000 | 10回合平均收入: 59.1 | Loss(C/A): 5999.42/-326.78 | Alpha: 0.8516
2026-01-21 23:46:45 - >>> 新高点！保存最佳模型 (no_lstm)。
2026-01-21 23:46:45 -     历史单回合最高收入: 506.0 (万)
2026-01-21 23:46:51 - E 240/2000 | 10回合平均收入: 90.0 | Loss(C/A): 6142.71/-333.27 | Alpha: 0.8440
2026-01-21 23:46:57 - E 250/2000 | 10回合平均收入: 82.3 | Loss(C/A): 6755.40/-338.39 | Alpha: 0.8366
2026-01-21 23:47:04 - E 260/2000 | 10回合平均收入: 48.1 | Loss(C/A): 6715.53/-342.89 | Alpha: 0.8291
2026-01-21 23:47:12 - E 270/2000 | 10回合平均收入: 79.8 | Loss(C/A): 6636.03/-346.78 | Alpha: 0.8217
2026-01-21 23:47:19 - E 280/2000 | 10回合平均收入: 67.2 | Loss(C/A): 6414.98/-351.68 | Alpha: 0.8144
2026-01-21 23:47:26 - E 290/2000 | 10回合平均收入: 76.0 | Loss(C/A): 6938.52/-354.44 | Alpha: 0.8072
2026-01-21 23:47:33 - E 300/2000 | 10回合平均收入: 70.3 | Loss(C/A): 6881.78/-357.75 | Alpha: 0.8000
2026-01-21 23:47:39 - E 310/2000 | 10回合平均收入: 73.9 | Loss(C/A): 7470.43/-360.59 | Alpha: 0.7929
2026-01-21 23:47:45 - E 320/2000 | 10回合平均收入: 62.1 | Loss(C/A): 7077.65/-364.33 | Alpha: 0.7858
2026-01-21 23:47:52 - E 330/2000 | 10回合平均收入: 61.2 | Loss(C/A): 6803.43/-366.87 | Alpha: 0.7788
2026-01-21 23:47:58 - E 340/2000 | 10回合平均收入: 32.8 | Loss(C/A): 8001.50/-367.02 | Alpha: 0.7719
2026-01-21 23:48:05 - E 350/2000 | 10回合平均收入: 43.4 | Loss(C/A): 7629.72/-369.16 | Alpha: 0.7650
2026-01-21 23:48:12 - E 360/2000 | 10回合平均收入: 56.1 | Loss(C/A): 7546.52/-370.25 | Alpha: 0.7582
2026-01-21 23:48:19 - E 370/2000 | 10回合平均收入: 54.8 | Loss(C/A): 7519.04/-370.42 | Alpha: 0.7515
2026-01-21 23:48:26 - E 380/2000 | 10回合平均收入: 51.3 | Loss(C/A): 8241.69/-369.78 | Alpha: 0.7448
2026-01-21 23:48:33 - E 390/2000 | 10回合平均收入: 87.8 | Loss(C/A): 7364.19/-369.59 | Alpha: 0.7381
2026-01-21 23:48:40 - E 400/2000 | 10回合平均收入: 47.5 | Loss(C/A): 7987.46/-369.01 | Alpha: 0.7315
2026-01-21 23:48:47 - E 410/2000 | 10回合平均收入: 68.7 | Loss(C/A): 7699.51/-368.45 | Alpha: 0.7250
2026-01-21 23:48:54 - E 420/2000 | 10回合平均收入: 63.6 | Loss(C/A): 7375.57/-365.77 | Alpha: 0.7185
2026-01-21 23:49:01 - E 430/2000 | 10回合平均收入: 48.7 | Loss(C/A): 8031.66/-365.33 | Alpha: 0.7121
2026-01-21 23:49:08 - E 440/2000 | 10回合平均收入: 87.8 | Loss(C/A): 7661.54/-363.00 | Alpha: 0.7057
2026-01-21 23:49:15 - E 450/2000 | 10回合平均收入: 67.8 | Loss(C/A): 6977.05/-364.93 | Alpha: 0.6994
2026-01-21 23:49:22 - E 460/2000 | 10回合平均收入: 56.9 | Loss(C/A): 7323.28/-362.34 | Alpha: 0.6932
2026-01-21 23:49:28 - E 470/2000 | 10回合平均收入: 62.9 | Loss(C/A): 7736.66/-358.80 | Alpha: 0.6870
2026-01-21 23:49:35 - E 480/2000 | 10回合平均收入: 73.5 | Loss(C/A): 7370.58/-358.15 | Alpha: 0.6808
2026-01-21 23:49:41 - E 490/2000 | 10回合平均收入: 50.7 | Loss(C/A): 6808.74/-356.43 | Alpha: 0.6748
2026-01-21 23:49:48 - E 500/2000 | 10回合平均收入: 62.1 | Loss(C/A): 7552.35/-354.92 | Alpha: 0.6687
2026-01-21 23:49:52 - >>> 新高点！保存最佳模型 (no_lstm)。
2026-01-21 23:49:52 -     历史单回合最高收入: 620.0 (万)
2026-01-21 23:49:55 - E 510/2000 | 10回合平均收入: 124.1 | Loss(C/A): 6695.85/-353.46 | Alpha: 0.6627
2026-01-21 23:50:02 - E 520/2000 | 10回合平均收入: 46.2 | Loss(C/A): 6787.53/-350.73 | Alpha: 0.6568
2026-01-21 23:50:09 - E 530/2000 | 10回合平均收入: 66.2 | Loss(C/A): 6358.60/-349.09 | Alpha: 0.6510
2026-01-21 23:50:16 - E 540/2000 | 10回合平均收入: 58.8 | Loss(C/A): 6222.93/-348.19 | Alpha: 0.6451
2026-01-21 23:50:23 - E 550/2000 | 10回合平均收入: 57.2 | Loss(C/A): 6459.05/-344.43 | Alpha: 0.6394
2026-01-21 23:50:30 - E 560/2000 | 10回合平均收入: 90.3 | Loss(C/A): 6402.31/-342.60 | Alpha: 0.6337
2026-01-21 23:50:37 - E 570/2000 | 10回合平均收入: 78.7 | Loss(C/A): 6217.44/-339.96 | Alpha: 0.6280
2026-01-21 23:50:43 - E 580/2000 | 10回合平均收入: 42.7 | Loss(C/A): 6261.85/-338.38 | Alpha: 0.6224
2026-01-21 23:50:50 - E 590/2000 | 10回合平均收入: 72.3 | Loss(C/A): 7192.86/-334.50 | Alpha: 0.6168
2026-01-21 23:50:56 - E 600/2000 | 10回合平均收入: 85.9 | Loss(C/A): 6351.71/-332.68 | Alpha: 0.6113
2026-01-21 23:51:03 - E 610/2000 | 10回合平均收入: 48.0 | Loss(C/A): 5978.53/-330.62 | Alpha: 0.6058
2026-01-21 23:51:09 - E 620/2000 | 10回合平均收入: 35.1 | Loss(C/A): 6043.00/-328.95 | Alpha: 0.6004
2026-01-21 23:51:16 - E 630/2000 | 10回合平均收入: 51.2 | Loss(C/A): 5800.09/-325.71 | Alpha: 0.5950
2026-01-21 23:51:23 - E 640/2000 | 10回合平均收入: 63.9 | Loss(C/A): 6070.82/-323.09 | Alpha: 0.5897
2026-01-21 23:51:30 - E 650/2000 | 10回合平均收入: 36.7 | Loss(C/A): 5919.76/-321.09 | Alpha: 0.5844
2026-01-21 23:51:36 - E 660/2000 | 10回合平均收入: 39.8 | Loss(C/A): 6458.37/-318.89 | Alpha: 0.5792
2026-01-21 23:51:43 - E 670/2000 | 10回合平均收入: 41.8 | Loss(C/A): 6686.31/-315.30 | Alpha: 0.5740
2026-01-21 23:51:50 - E 680/2000 | 10回合平均收入: 69.7 | Loss(C/A): 5784.66/-310.99 | Alpha: 0.5689
2026-01-21 23:51:56 - E 690/2000 | 10回合平均收入: 85.8 | Loss(C/A): 5769.86/-310.07 | Alpha: 0.5638
2026-01-21 23:52:03 - E 700/2000 | 10回合平均收入: 86.2 | Loss(C/A): 6102.21/-305.26 | Alpha: 0.5587
2026-01-21 23:52:09 - E 710/2000 | 10回合平均收入: 49.1 | Loss(C/A): 5163.10/-304.54 | Alpha: 0.5537
2026-01-21 23:52:17 - E 720/2000 | 10回合平均收入: 68.6 | Loss(C/A): 5368.69/-301.10 | Alpha: 0.5487
2026-01-21 23:52:24 - E 730/2000 | 10回合平均收入: 86.6 | Loss(C/A): 5257.28/-299.73 | Alpha: 0.5438
2026-01-21 23:52:31 - E 740/2000 | 10回合平均收入: 48.3 | Loss(C/A): 4784.71/-296.06 | Alpha: 0.5390
2026-01-21 23:52:38 - E 750/2000 | 10回合平均收入: 85.7 | Loss(C/A): 4846.24/-293.23 | Alpha: 0.5341
2026-01-21 23:52:44 - E 760/2000 | 10回合平均收入: 58.7 | Loss(C/A): 4769.22/-290.16 | Alpha: 0.5294
2026-01-21 23:52:51 - E 770/2000 | 10回合平均收入: 58.5 | Loss(C/A): 5089.74/-287.11 | Alpha: 0.5246
2026-01-21 23:52:58 - E 780/2000 | 10回合平均收入: 74.8 | Loss(C/A): 4473.93/-286.65 | Alpha: 0.5199
2026-01-21 23:53:05 - E 790/2000 | 10回合平均收入: 58.5 | Loss(C/A): 4561.68/-283.49 | Alpha: 0.5152
2026-01-21 23:53:13 - E 800/2000 | 10回合平均收入: 38.7 | Loss(C/A): 4282.25/-280.85 | Alpha: 0.5106
2026-01-21 23:53:20 - E 810/2000 | 10回合平均收入: 62.3 | Loss(C/A): 4743.33/-277.95 | Alpha: 0.5061
2026-01-21 23:53:27 - E 820/2000 | 10回合平均收入: 54.5 | Loss(C/A): 4254.27/-277.03 | Alpha: 0.5015
2026-01-21 23:53:34 - E 830/2000 | 10回合平均收入: 85.7 | Loss(C/A): 4900.63/-273.84 | Alpha: 0.4970
2026-01-21 23:53:42 - E 840/2000 | 10回合平均收入: 47.9 | Loss(C/A): 4785.04/-270.91 | Alpha: 0.4926
2026-01-21 23:53:49 - E 850/2000 | 10回合平均收入: 59.8 | Loss(C/A): 4574.56/-268.59 | Alpha: 0.4882
2026-01-21 23:53:57 - E 860/2000 | 10回合平均收入: 52.4 | Loss(C/A): 4522.88/-267.95 | Alpha: 0.4838
2026-01-21 23:54:03 - E 870/2000 | 10回合平均收入: 73.1 | Loss(C/A): 3911.23/-266.10 | Alpha: 0.4795
2026-01-21 23:54:09 - E 880/2000 | 10回合平均收入: 81.0 | Loss(C/A): 3937.34/-263.76 | Alpha: 0.4752
2026-01-21 23:54:16 - E 890/2000 | 10回合平均收入: 55.4 | Loss(C/A): 3876.26/-261.53 | Alpha: 0.4709
2026-01-21 23:54:22 - >>> 新高点！保存最佳模型 (no_lstm)。
2026-01-21 23:54:22 -     历史单回合最高收入: 662.3 (万)
2026-01-21 23:54:22 - E 900/2000 | 10回合平均收入: 106.2 | Loss(C/A): 3506.45/-260.37 | Alpha: 0.4667
2026-01-21 23:54:29 - E 910/2000 | 10回合平均收入: 86.3 | Loss(C/A): 3860.92/-258.03 | Alpha: 0.4625
2026-01-21 23:54:36 - E 920/2000 | 10回合平均收入: 65.9 | Loss(C/A): 4148.90/-254.05 | Alpha: 0.4584
2026-01-21 23:54:42 - E 930/2000 | 10回合平均收入: 57.8 | Loss(C/A): 3414.16/-252.95 | Alpha: 0.4543
2026-01-21 23:54:48 - E 940/2000 | 10回合平均收入: 78.3 | Loss(C/A): 3334.71/-251.52 | Alpha: 0.4502
2026-01-22 00:11:58 - E 950/2000 | 10回合平均收入: 111.4 | Loss(C/A): 3590.34/-249.20 | Alpha: 0.4462
2026-01-22 00:28:49 - E 960/2000 | 10回合平均收入: 59.6 | Loss(C/A): 3717.96/-247.18 | Alpha: 0.4422
2026-01-22 00:46:11 - E 970/2000 | 10回合平均收入: 63.1 | Loss(C/A): 3047.07/-246.38 | Alpha: 0.4382
2026-01-22 00:46:18 - E 980/2000 | 10回合平均收入: 81.7 | Loss(C/A): 3180.59/-245.39 | Alpha: 0.4343
2026-01-22 00:54:27 - E 990/2000 | 10回合平均收入: 65.9 | Loss(C/A): 3646.61/-243.19 | Alpha: 0.4304
2026-01-22 01:10:54 - E 1000/2000 | 10回合平均收入: 40.9 | Loss(C/A): 3572.24/-241.45 | Alpha: 0.4265
2026-01-22 01:28:37 - E 1010/2000 | 10回合平均收入: 83.3 | Loss(C/A): 3124.09/-239.66 | Alpha: 0.4227
2026-01-22 01:43:45 - E 1020/2000 | 10回合平均收入: 78.4 | Loss(C/A): 3387.86/-238.11 | Alpha: 0.4189
2026-01-22 01:55:26 - E 1030/2000 | 10回合平均收入: 75.3 | Loss(C/A): 3254.16/-236.72 | Alpha: 0.4152
2026-01-22 02:13:19 - E 1040/2000 | 10回合平均收入: 32.0 | Loss(C/A): 2966.17/-235.72 | Alpha: 0.4114
2026-01-22 02:31:06 - E 1050/2000 | 10回合平均收入: 57.6 | Loss(C/A): 3417.01/-233.15 | Alpha: 0.4078
2026-01-22 02:46:20 - E 1060/2000 | 10回合平均收入: 81.2 | Loss(C/A): 3064.38/-231.52 | Alpha: 0.4041
2026-01-22 02:56:28 - E 1070/2000 | 10回合平均收入: 95.6 | Loss(C/A): 2977.56/-228.80 | Alpha: 0.4005
2026-01-22 02:56:35 - E 1080/2000 | 10回合平均收入: 81.5 | Loss(C/A): 3297.94/-226.69 | Alpha: 0.3969
2026-01-22 03:11:42 - E 1090/2000 | 10回合平均收入: 81.8 | Loss(C/A): 2620.34/-225.85 | Alpha: 0.3933
2026-01-22 03:28:41 - E 1100/2000 | 10回合平均收入: 55.8 | Loss(C/A): 2863.43/-225.21 | Alpha: 0.3898
2026-01-22 04:00:44 - E 1110/2000 | 10回合平均收入: 50.9 | Loss(C/A): 2836.81/-222.58 | Alpha: 0.3863
2026-01-22 04:16:11 - E 1120/2000 | 10回合平均收入: 46.6 | Loss(C/A): 2938.70/-220.06 | Alpha: 0.3829
2026-01-22 04:33:42 - E 1130/2000 | 10回合平均收入: 66.8 | Loss(C/A): 2941.89/-218.60 | Alpha: 0.3794
2026-01-22 04:49:20 - E 1140/2000 | 10回合平均收入: 65.4 | Loss(C/A): 2716.81/-217.24 | Alpha: 0.3760
2026-01-22 05:04:55 - E 1150/2000 | 10回合平均收入: 98.9 | Loss(C/A): 2697.64/-214.90 | Alpha: 0.3727
2026-01-22 05:37:22 - E 1160/2000 | 10回合平均收入: 72.3 | Loss(C/A): 2716.04/-214.43 | Alpha: 0.3693
2026-01-22 05:52:42 - E 1170/2000 | 10回合平均收入: 135.3 | Loss(C/A): 2434.63/-213.43 | Alpha: 0.3660
2026-01-22 06:08:38 - E 1180/2000 | 10回合平均收入: 86.4 | Loss(C/A): 2529.48/-211.22 | Alpha: 0.3627
2026-01-22 06:26:07 - E 1190/2000 | 10回合平均收入: 60.0 | Loss(C/A): 2617.29/-209.85 | Alpha: 0.3595
2026-01-22 06:42:53 - E 1200/2000 | 10回合平均收入: 32.0 | Loss(C/A): 2486.63/-209.22 | Alpha: 0.3563
2026-01-22 06:50:35 - E 1210/2000 | 10回合平均收入: 62.2 | Loss(C/A): 2511.99/-208.70 | Alpha: 0.3531
2026-01-22 07:06:42 - E 1220/2000 | 10回合平均收入: 71.7 | Loss(C/A): 2629.35/-206.13 | Alpha: 0.3499
2026-01-22 07:12:11 - E 1230/2000 | 10回合平均收入: 88.8 | Loss(C/A): 2885.17/-203.22 | Alpha: 0.3468
2026-01-22 07:12:17 - E 1240/2000 | 10回合平均收入: 68.0 | Loss(C/A): 2521.46/-203.30 | Alpha: 0.3437
2026-01-22 07:13:13 - E 1250/2000 | 10回合平均收入: 89.2 | Loss(C/A): 2422.83/-202.35 | Alpha: 0.3406
2026-01-22 07:18:32 - E 1260/2000 | 10回合平均收入: 57.8 | Loss(C/A): 2446.64/-201.32 | Alpha: 0.3375
2026-01-22 07:18:39 - E 1270/2000 | 10回合平均收入: 62.4 | Loss(C/A): 2472.82/-198.59 | Alpha: 0.3345
2026-01-22 07:18:51 - E 1280/2000 | 10回合平均收入: 67.5 | Loss(C/A): 2369.45/-198.37 | Alpha: 0.3315
2026-01-22 07:18:57 - E 1290/2000 | 10回合平均收入: 56.5 | Loss(C/A): 2003.77/-197.18 | Alpha: 0.3286
2026-01-22 07:36:30 - E 1300/2000 | 10回合平均收入: 61.9 | Loss(C/A): 2227.88/-195.71 | Alpha: 0.3256
2026-01-22 07:53:57 - E 1310/2000 | 10回合平均收入: 87.2 | Loss(C/A): 1958.08/-194.79 | Alpha: 0.3227
2026-01-22 08:25:02 - E 1320/2000 | 10回合平均收入: 71.7 | Loss(C/A): 2127.91/-192.74 | Alpha: 0.3198
2026-01-22 08:27:43 - E 1330/2000 | 10回合平均收入: 69.9 | Loss(C/A): 2300.86/-190.75 | Alpha: 0.3169
2026-01-22 08:27:50 - E 1340/2000 | 10回合平均收入: 99.8 | Loss(C/A): 2214.85/-188.82 | Alpha: 0.3141
2026-01-22 08:28:24 - E 1350/2000 | 10回合平均收入: 88.7 | Loss(C/A): 2165.31/-187.38 | Alpha: 0.3113
2026-01-22 08:28:31 - E 1360/2000 | 10回合平均收入: 70.0 | Loss(C/A): 2276.89/-186.79 | Alpha: 0.3085
2026-01-22 08:29:58 - E 1370/2000 | 10回合平均收入: 82.2 | Loss(C/A): 2123.89/-184.92 | Alpha: 0.3057
2026-01-22 08:30:04 - E 1380/2000 | 10回合平均收入: 107.2 | Loss(C/A): 2152.01/-183.67 | Alpha: 0.3030
2026-01-22 08:30:10 - E 1390/2000 | 10回合平均收入: 76.0 | Loss(C/A): 2070.26/-182.12 | Alpha: 0.3003
2026-01-22 08:30:16 - E 1400/2000 | 10回合平均收入: 89.8 | Loss(C/A): 1948.17/-181.44 | Alpha: 0.2976
2026-01-22 08:30:22 - E 1410/2000 | 10回合平均收入: 113.5 | Loss(C/A): 1854.34/-180.67 | Alpha: 0.2949
2026-01-22 08:30:28 - E 1420/2000 | 10回合平均收入: 69.9 | Loss(C/A): 1933.21/-179.16 | Alpha: 0.2923
2026-01-22 08:30:34 - E 1430/2000 | 10回合平均收入: 66.1 | Loss(C/A): 1943.31/-177.16 | Alpha: 0.2896
2026-01-22 08:30:40 - E 1440/2000 | 10回合平均收入: 60.5 | Loss(C/A): 1855.19/-176.38 | Alpha: 0.2871
2026-01-22 08:30:45 - E 1450/2000 | 10回合平均收入: 70.5 | Loss(C/A): 1775.21/-175.50 | Alpha: 0.2845
2026-01-22 08:30:51 - E 1460/2000 | 10回合平均收入: 63.8 | Loss(C/A): 1632.18/-174.47 | Alpha: 0.2819
2026-01-22 08:30:56 - E 1470/2000 | 10回合平均收入: 120.7 | Loss(C/A): 1831.27/-173.82 | Alpha: 0.2794
2026-01-22 08:31:02 - E 1480/2000 | 10回合平均收入: 99.1 | Loss(C/A): 1747.02/-173.05 | Alpha: 0.2769
2026-01-22 08:31:08 - E 1490/2000 | 10回合平均收入: 61.1 | Loss(C/A): 1949.77/-171.60 | Alpha: 0.2744
2026-01-22 08:31:14 - E 1500/2000 | 10回合平均收入: 75.6 | Loss(C/A): 1740.64/-170.36 | Alpha: 0.2720
2026-01-22 08:31:20 - E 1510/2000 | 10回合平均收入: 35.6 | Loss(C/A): 1854.60/-169.00 | Alpha: 0.2695
2026-01-22 08:31:26 - E 1520/2000 | 10回合平均收入: 64.1 | Loss(C/A): 1672.44/-168.43 | Alpha: 0.2671
2026-01-22 08:31:32 - E 1530/2000 | 10回合平均收入: 90.7 | Loss(C/A): 1868.33/-167.76 | Alpha: 0.2647
2026-01-22 08:31:38 - E 1540/2000 | 10回合平均收入: 55.8 | Loss(C/A): 1528.97/-166.12 | Alpha: 0.2623
2026-01-22 08:31:44 - E 1550/2000 | 10回合平均收入: 66.0 | Loss(C/A): 1675.57/-164.95 | Alpha: 0.2600
2026-01-22 08:31:50 - E 1560/2000 | 10回合平均收入: 96.6 | Loss(C/A): 1600.40/-163.87 | Alpha: 0.2577
2026-01-22 08:31:56 - E 1570/2000 | 10回合平均收入: 76.4 | Loss(C/A): 1678.54/-162.57 | Alpha: 0.2554
2026-01-22 08:32:02 - E 1580/2000 | 10回合平均收入: 92.3 | Loss(C/A): 1693.29/-163.03 | Alpha: 0.2531
2026-01-22 08:32:07 - E 1590/2000 | 10回合平均收入: 76.7 | Loss(C/A): 1706.78/-161.98 | Alpha: 0.2508
2026-01-22 08:32:13 - E 1600/2000 | 10回合平均收入: 66.6 | Loss(C/A): 1693.49/-160.72 | Alpha: 0.2486
2026-01-22 08:32:19 - E 1610/2000 | 10回合平均收入: 88.7 | Loss(C/A): 1735.81/-160.46 | Alpha: 0.2463
2026-01-22 08:32:25 - E 1620/2000 | 10回合平均收入: 115.3 | Loss(C/A): 1653.38/-160.00 | Alpha: 0.2441
2026-01-22 08:32:32 - E 1630/2000 | 10回合平均收入: 65.2 | Loss(C/A): 1563.07/-159.76 | Alpha: 0.2419
2026-01-22 08:32:38 - E 1640/2000 | 10回合平均收入: 69.3 | Loss(C/A): 1538.05/-159.13 | Alpha: 0.2398
2026-01-22 08:32:44 - E 1650/2000 | 10回合平均收入: 84.7 | Loss(C/A): 1371.49/-158.78 | Alpha: 0.2376
2026-01-22 08:32:50 - E 1660/2000 | 10回合平均收入: 147.7 | Loss(C/A): 1431.39/-158.25 | Alpha: 0.2355
2026-01-22 08:32:56 - E 1670/2000 | 10回合平均收入: 92.2 | Loss(C/A): 1513.19/-156.62 | Alpha: 0.2334
2026-01-22 08:33:01 - E 1680/2000 | 10回合平均收入: 43.2 | Loss(C/A): 1452.47/-155.76 | Alpha: 0.2313
2026-01-22 08:33:07 - E 1690/2000 | 10回合平均收入: 67.4 | Loss(C/A): 1324.52/-154.68 | Alpha: 0.2292
2026-01-22 08:33:13 - E 1700/2000 | 10回合平均收入: 95.0 | Loss(C/A): 1347.30/-154.55 | Alpha: 0.2272
2026-01-22 08:33:19 - E 1710/2000 | 10回合平均收入: 57.8 | Loss(C/A): 1408.06/-153.33 | Alpha: 0.2251
2026-01-22 08:33:26 - E 1720/2000 | 10回合平均收入: 76.9 | Loss(C/A): 1464.18/-151.97 | Alpha: 0.2231
2026-01-22 08:33:32 - E 1730/2000 | 10回合平均收入: 81.2 | Loss(C/A): 1383.81/-151.44 | Alpha: 0.2211
2026-01-22 08:33:38 - E 1740/2000 | 10回合平均收入: 79.6 | Loss(C/A): 1346.69/-150.54 | Alpha: 0.2191
2026-01-22 08:33:43 - E 1750/2000 | 10回合平均收入: 75.4 | Loss(C/A): 1446.92/-149.46 | Alpha: 0.2172
2026-01-22 08:33:49 - E 1760/2000 | 10回合平均收入: 73.2 | Loss(C/A): 1459.71/-148.40 | Alpha: 0.2152
2026-01-22 08:33:56 - E 1770/2000 | 10回合平均收入: 59.7 | Loss(C/A): 1309.76/-147.15 | Alpha: 0.2133
2026-01-22 08:34:02 - E 1780/2000 | 10回合平均收入: 116.6 | Loss(C/A): 1381.08/-145.71 | Alpha: 0.2114
2026-01-22 08:34:08 - E 1790/2000 | 10回合平均收入: 81.6 | Loss(C/A): 1257.67/-144.94 | Alpha: 0.2095
2026-01-22 08:34:14 - E 1800/2000 | 10回合平均收入: 78.7 | Loss(C/A): 1391.64/-142.90 | Alpha: 0.2076
2026-01-22 08:34:21 - E 1810/2000 | 10回合平均收入: 82.5 | Loss(C/A): 1199.80/-142.86 | Alpha: 0.2058
2026-01-22 08:34:26 - E 1820/2000 | 10回合平均收入: 90.6 | Loss(C/A): 1239.95/-140.91 | Alpha: 0.2039
2026-01-22 08:34:32 - E 1830/2000 | 10回合平均收入: 70.6 | Loss(C/A): 1173.32/-140.28 | Alpha: 0.2021
2026-01-22 08:34:37 - E 1840/2000 | 10回合平均收入: 106.8 | Loss(C/A): 1164.97/-139.41 | Alpha: 0.2003
2026-01-22 08:34:43 - E 1850/2000 | 10回合平均收入: 85.6 | Loss(C/A): 1363.49/-138.09 | Alpha: 0.1985
2026-01-22 08:34:49 - E 1860/2000 | 10回合平均收入: 73.9 | Loss(C/A): 1250.74/-137.12 | Alpha: 0.1967
2026-01-22 08:34:55 - E 1870/2000 | 10回合平均收入: 56.4 | Loss(C/A): 1268.82/-135.80 | Alpha: 0.1949
2026-01-22 08:34:58 - >>> 新高点！保存最佳模型 (no_lstm)。
2026-01-22 08:34:58 -     历史单回合最高收入: 1050.6 (万)
2026-01-22 08:35:00 - E 1880/2000 | 10回合平均收入: 163.6 | Loss(C/A): 1127.70/-135.31 | Alpha: 0.1932
2026-01-22 08:35:06 - E 1890/2000 | 10回合平均收入: 80.9 | Loss(C/A): 1111.89/-134.87 | Alpha: 0.1915
2026-01-22 08:35:12 - E 1900/2000 | 10回合平均收入: 100.6 | Loss(C/A): 1160.46/-133.89 | Alpha: 0.1898
2026-01-22 08:35:17 - E 1910/2000 | 10回合平均收入: 51.5 | Loss(C/A): 1186.18/-132.49 | Alpha: 0.1881
2026-01-22 08:35:22 - E 1920/2000 | 10回合平均收入: 41.7 | Loss(C/A): 1181.63/-132.10 | Alpha: 0.1864
2026-01-22 08:35:28 - E 1930/2000 | 10回合平均收入: 84.2 | Loss(C/A): 1053.42/-130.17 | Alpha: 0.1847
2026-01-22 08:35:34 - E 1940/2000 | 10回合平均收入: 58.1 | Loss(C/A): 1122.54/-129.97 | Alpha: 0.1830
2026-01-22 08:35:39 - E 1950/2000 | 10回合平均收入: 82.4 | Loss(C/A): 1054.75/-129.44 | Alpha: 0.1814
2026-01-22 08:35:45 - E 1960/2000 | 10回合平均收入: 108.6 | Loss(C/A): 1031.99/-128.49 | Alpha: 0.1798
2026-01-22 08:35:50 - E 1970/2000 | 10回合平均收入: 79.5 | Loss(C/A): 1087.94/-127.87 | Alpha: 0.1782
2026-01-22 08:35:56 - E 1980/2000 | 10回合平均收入: 58.4 | Loss(C/A): 1147.71/-126.71 | Alpha: 0.1766
2026-01-22 08:36:02 - E 1990/2000 | 10回合平均收入: 58.0 | Loss(C/A): 995.96/-126.52 | Alpha: 0.1750
2026-01-22 08:36:08 - E 2000/2000 | 10回合平均收入: 65.1 | Loss(C/A): 992.99/-125.68 | Alpha: 0.1734
2026-01-22 13:41:46 - >>> 加载已有权重 (no_lstm)。
2026-01-22 13:41:46 - ======== ablation_no_lstm 消融实验启动 ========
2026-01-22 13:41:46 - >>> 新高点！保存最佳模型 (no_lstm)。
2026-01-22 13:41:46 -     历史单回合最高收入: 17.5 (万)
2026-01-22 13:41:47 - >>> 新高点！保存最佳模型 (no_lstm)。
2026-01-22 13:41:47 -     历史单回合最高收入: 27.4 (万)
2026-01-22 14:38:02 - >>> 加载已有权重 (no_lstm)。
2026-01-22 14:38:02 - ======== ablation_no_lstm 消融实验启动 ========
2026-01-22 14:38:02 - >>> 新高点！保存最佳模型 (no_lstm)。
2026-01-22 14:38:02 -     历史单回合最高收入: 17.5 (万)
2026-01-22 14:38:03 - >>> 新高点！保存最佳模型 (no_lstm)。
2026-01-22 14:38:03 -     历史单回合最高收入: 27.4 (万)
2026-01-22 14:38:03 - >>> 新高点！保存最佳模型 (no_lstm)。
2026-01-22 14:38:03 -     历史单回合最高收入: 42.1 (万)
2026-01-22 14:38:03 - >>> 新高点！保存最佳模型 (no_lstm)。
2026-01-22 14:38:03 -     历史单回合最高收入: 51.9 (万)
2026-01-22 14:38:03 - E 10/2000 | 10回合平均收入: 30.3 | Loss(C/A): 0.00/0.00 | Alpha: 1.0000
2026-01-22 14:38:04 - E 20/2000 | 10回合平均收入: 26.3 | Loss(C/A): 0.00/0.00 | Alpha: 1.0000
2026-01-22 14:38:04 - >>> 新高点！保存最佳模型 (no_lstm)。
2026-01-22 14:38:04 -     历史单回合最高收入: 57.3 (万)
2026-01-22 14:38:05 - >>> 新高点！保存最佳模型 (no_lstm)。
2026-01-22 14:38:05 -     历史单回合最高收入: 67.7 (万)
2026-01-22 14:38:05 - E 30/2000 | 10回合平均收入: 35.5 | Loss(C/A): 0.00/0.00 | Alpha: 1.0000
2026-01-22 14:38:06 - E 40/2000 | 10回合平均收入: 25.6 | Loss(C/A): 0.00/0.00 | Alpha: 1.0000
2026-01-22 14:38:07 - E 50/2000 | 10回合平均收入: 24.6 | Loss(C/A): 0.00/0.00 | Alpha: 1.0000
2026-01-22 14:38:09 - >>> 新高点！保存最佳模型 (no_lstm)。
2026-01-22 14:38:09 -     历史单回合最高收入: 168.1 (万)
2026-01-22 14:38:13 - E 60/2000 | 10回合平均收入: 63.9 | Loss(C/A): 282.30/8.47 | Alpha: 0.1922
2026-01-22 14:38:16 - >>> 新高点！保存最佳模型 (no_lstm)。
2026-01-22 14:38:16 -     历史单回合最高收入: 208.8 (万)
2026-01-22 14:38:18 - E 70/2000 | 10回合平均收入: 74.1 | Loss(C/A): 197.31/-1.52 | Alpha: 0.1904
2026-01-22 14:38:23 - E 80/2000 | 10回合平均收入: 63.6 | Loss(C/A): 153.92/-12.56 | Alpha: 0.1887
2026-01-22 14:38:24 - >>> 新高点！保存最佳模型 (no_lstm)。
2026-01-22 14:38:24 -     历史单回合最高收入: 745.8 (万)
2026-01-22 14:38:29 - E 90/2000 | 10回合平均收入: 170.0 | Loss(C/A): 169.41/-22.27 | Alpha: 0.1871
2026-01-22 14:38:35 - E 100/2000 | 10回合平均收入: 148.9 | Loss(C/A): 188.69/-32.29 | Alpha: 0.1854
2026-01-22 14:38:40 - E 110/2000 | 10回合平均收入: 94.8 | Loss(C/A): 188.91/-38.81 | Alpha: 0.1837
2026-01-22 14:38:46 - E 120/2000 | 10回合平均收入: 59.5 | Loss(C/A): 237.02/-45.42 | Alpha: 0.1821
2026-01-22 14:38:53 - E 130/2000 | 10回合平均收入: 95.6 | Loss(C/A): 245.46/-51.51 | Alpha: 0.1805
2026-01-22 14:39:00 - E 140/2000 | 10回合平均收入: 85.4 | Loss(C/A): 316.20/-56.73 | Alpha: 0.1789
2026-01-22 14:39:06 - E 150/2000 | 10回合平均收入: 118.1 | Loss(C/A): 313.50/-62.33 | Alpha: 0.1773
2026-01-22 14:39:13 - E 160/2000 | 10回合平均收入: 99.8 | Loss(C/A): 355.22/-67.41 | Alpha: 0.1757
2026-01-22 14:39:19 - E 170/2000 | 10回合平均收入: 93.2 | Loss(C/A): 381.43/-71.37 | Alpha: 0.1741
2026-01-22 14:39:25 - E 180/2000 | 10回合平均收入: 71.1 | Loss(C/A): 451.64/-74.91 | Alpha: 0.1725
2026-01-22 14:39:32 - E 190/2000 | 10回合平均收入: 65.7 | Loss(C/A): 425.70/-78.19 | Alpha: 0.1710
2026-01-22 14:39:38 - E 200/2000 | 10回合平均收入: 74.4 | Loss(C/A): 485.09/-81.12 | Alpha: 0.1694
2026-01-22 14:39:45 - E 210/2000 | 10回合平均收入: 83.2 | Loss(C/A): 483.78/-84.10 | Alpha: 0.1679
2026-01-22 14:39:52 - E 220/2000 | 10回合平均收入: 135.6 | Loss(C/A): 585.67/-86.50 | Alpha: 0.1664
2026-01-22 14:39:58 - E 230/2000 | 10回合平均收入: 99.3 | Loss(C/A): 564.04/-88.99 | Alpha: 0.1649
2026-01-22 14:39:58 - >>> 新高点！保存最佳模型 (no_lstm)。
2026-01-22 14:39:58 -     历史单回合最高收入: 890.4 (万)
2026-01-22 14:40:04 - E 240/2000 | 10回合平均收入: 149.8 | Loss(C/A): 615.66/-91.05 | Alpha: 0.1635
2026-01-22 14:40:10 - E 250/2000 | 10回合平均收入: 106.5 | Loss(C/A): 635.41/-92.77 | Alpha: 0.1620
2026-01-22 14:40:17 - E 260/2000 | 10回合平均收入: 67.4 | Loss(C/A): 654.47/-93.53 | Alpha: 0.1605
2026-01-22 14:40:23 - E 270/2000 | 10回合平均收入: 109.6 | Loss(C/A): 660.58/-95.43 | Alpha: 0.1591
2026-01-22 14:40:29 - E 280/2000 | 10回合平均收入: 92.7 | Loss(C/A): 608.38/-96.70 | Alpha: 0.1577
2026-01-22 14:40:35 - E 290/2000 | 10回合平均收入: 114.3 | Loss(C/A): 638.24/-98.24 | Alpha: 0.1563
2026-01-22 14:40:41 - E 300/2000 | 10回合平均收入: 103.1 | Loss(C/A): 672.83/-98.88 | Alpha: 0.1549
2026-01-22 14:40:47 - E 310/2000 | 10回合平均收入: 122.2 | Loss(C/A): 695.65/-100.44 | Alpha: 0.1535
2026-01-22 14:40:53 - E 320/2000 | 10回合平均收入: 93.2 | Loss(C/A): 670.66/-101.44 | Alpha: 0.1521
2026-01-22 14:41:00 - E 330/2000 | 10回合平均收入: 102.1 | Loss(C/A): 652.59/-102.31 | Alpha: 0.1507
2026-01-22 14:41:06 - E 340/2000 | 10回合平均收入: 71.2 | Loss(C/A): 734.96/-101.61 | Alpha: 0.1494
2026-01-22 14:41:12 - E 350/2000 | 10回合平均收入: 85.6 | Loss(C/A): 750.61/-103.09 | Alpha: 0.1480
2026-01-22 14:41:19 - E 360/2000 | 10回合平均收入: 89.7 | Loss(C/A): 717.64/-104.11 | Alpha: 0.1467
2026-01-22 14:41:25 - E 370/2000 | 10回合平均收入: 108.9 | Loss(C/A): 739.72/-104.07 | Alpha: 0.1454
2026-01-22 14:41:31 - E 380/2000 | 10回合平均收入: 87.3 | Loss(C/A): 787.35/-103.95 | Alpha: 0.1441
2026-01-22 14:41:38 - E 390/2000 | 10回合平均收入: 130.0 | Loss(C/A): 736.03/-104.03 | Alpha: 0.1428
2026-01-22 14:41:44 - E 400/2000 | 10回合平均收入: 70.5 | Loss(C/A): 791.22/-104.72 | Alpha: 0.1415
2026-01-22 14:41:51 - E 410/2000 | 10回合平均收入: 101.0 | Loss(C/A): 742.37/-104.79 | Alpha: 0.1403
2026-01-22 14:41:57 - E 420/2000 | 10回合平均收入: 102.0 | Loss(C/A): 739.16/-105.02 | Alpha: 0.1390
2026-01-22 14:42:04 - E 430/2000 | 10回合平均收入: 75.6 | Loss(C/A): 799.57/-104.75 | Alpha: 0.1378
2026-01-22 14:42:10 - E 440/2000 | 10回合平均收入: 115.6 | Loss(C/A): 806.33/-105.09 | Alpha: 0.1365
2026-01-22 14:42:16 - E 450/2000 | 10回合平均收入: 104.0 | Loss(C/A): 755.25/-105.14 | Alpha: 0.1353
2026-01-22 14:42:22 - E 460/2000 | 10回合平均收入: 91.8 | Loss(C/A): 766.71/-104.02 | Alpha: 0.1341
2026-01-22 14:42:28 - E 470/2000 | 10回合平均收入: 121.1 | Loss(C/A): 798.65/-103.69 | Alpha: 0.1329
2026-01-22 14:42:35 - E 480/2000 | 10回合平均收入: 111.0 | Loss(C/A): 783.78/-103.84 | Alpha: 0.1317
2026-01-22 14:42:41 - E 490/2000 | 10回合平均收入: 93.4 | Loss(C/A): 727.22/-103.80 | Alpha: 0.1305
2026-01-22 14:42:47 - E 500/2000 | 10回合平均收入: 113.1 | Loss(C/A): 796.34/-104.42 | Alpha: 0.1293
2026-01-22 14:42:53 - E 510/2000 | 10回合平均收入: 175.4 | Loss(C/A): 724.39/-104.56 | Alpha: 0.1282
2026-01-22 14:42:59 - E 520/2000 | 10回合平均收入: 73.6 | Loss(C/A): 756.59/-104.20 | Alpha: 0.1270
2026-01-22 14:43:05 - E 530/2000 | 10回合平均收入: 100.8 | Loss(C/A): 711.68/-103.75 | Alpha: 0.1259
2026-01-22 14:43:12 - E 540/2000 | 10回合平均收入: 97.5 | Loss(C/A): 741.94/-103.31 | Alpha: 0.1248
2026-01-22 14:43:18 - E 550/2000 | 10回合平均收入: 85.4 | Loss(C/A): 763.02/-102.99 | Alpha: 0.1237
2026-01-22 14:43:24 - E 560/2000 | 10回合平均收入: 123.3 | Loss(C/A): 723.89/-102.26 | Alpha: 0.1225
2026-01-22 14:43:31 - E 570/2000 | 10回合平均收入: 118.8 | Loss(C/A): 727.51/-101.70 | Alpha: 0.1215
2026-01-22 14:43:38 - E 580/2000 | 10回合平均收入: 69.7 | Loss(C/A): 762.08/-101.25 | Alpha: 0.1204
2026-01-22 14:43:44 - E 590/2000 | 10回合平均收入: 109.1 | Loss(C/A): 821.52/-101.60 | Alpha: 0.1193
2026-01-22 14:43:51 - E 600/2000 | 10回合平均收入: 130.7 | Loss(C/A): 745.25/-100.88 | Alpha: 0.1182
2026-01-22 14:43:57 - E 610/2000 | 10回合平均收入: 71.9 | Loss(C/A): 724.41/-100.95 | Alpha: 0.1172
2026-01-22 14:44:03 - E 620/2000 | 10回合平均收入: 63.5 | Loss(C/A): 725.72/-100.77 | Alpha: 0.1161
2026-01-22 14:44:09 - E 630/2000 | 10回合平均收入: 77.7 | Loss(C/A): 736.33/-99.59 | Alpha: 0.1151
2026-01-22 14:44:16 - E 640/2000 | 10回合平均收入: 85.4 | Loss(C/A): 750.39/-99.16 | Alpha: 0.1140
2026-01-22 14:44:22 - E 650/2000 | 10回合平均收入: 50.0 | Loss(C/A): 718.80/-98.48 | Alpha: 0.1130
2026-01-22 14:44:28 - E 660/2000 | 10回合平均收入: 65.5 | Loss(C/A): 795.88/-98.68 | Alpha: 0.1120
2026-01-22 14:44:34 - E 670/2000 | 10回合平均收入: 60.0 | Loss(C/A): 828.80/-97.79 | Alpha: 0.1110
2026-01-22 14:44:41 - E 680/2000 | 10回合平均收入: 95.7 | Loss(C/A): 709.58/-96.94 | Alpha: 0.1100
2026-01-22 14:44:47 - E 690/2000 | 10回合平均收入: 129.1 | Loss(C/A): 742.35/-96.84 | Alpha: 0.1090
2026-01-22 14:44:53 - E 700/2000 | 10回合平均收入: 118.1 | Loss(C/A): 768.32/-96.19 | Alpha: 0.1080
2026-01-22 14:44:59 - E 710/2000 | 10回合平均收入: 63.1 | Loss(C/A): 668.73/-96.04 | Alpha: 0.1071
2026-01-22 14:45:04 - E 720/2000 | 10回合平均收入: 95.6 | Loss(C/A): 720.98/-95.36 | Alpha: 0.1061
2026-01-22 14:45:10 - E 730/2000 | 10回合平均收入: 113.3 | Loss(C/A): 683.17/-95.69 | Alpha: 0.1052
2026-01-22 14:45:16 - E 740/2000 | 10回合平均收入: 63.0 | Loss(C/A): 673.83/-94.47 | Alpha: 0.1042
2026-01-22 14:45:22 - E 750/2000 | 10回合平均收入: 109.3 | Loss(C/A): 689.40/-94.25 | Alpha: 0.1033
2026-01-22 14:45:28 - E 760/2000 | 10回合平均收入: 78.9 | Loss(C/A): 678.42/-93.18 | Alpha: 0.1024
2026-01-22 14:45:34 - E 770/2000 | 10回合平均收入: 87.7 | Loss(C/A): 693.00/-92.55 | Alpha: 0.1014
2026-01-22 14:45:40 - E 780/2000 | 10回合平均收入: 105.9 | Loss(C/A): 641.85/-93.12 | Alpha: 0.1005
2026-01-22 14:45:46 - E 790/2000 | 10回合平均收入: 72.3 | Loss(C/A): 659.96/-92.15 | Alpha: 0.0996
2026-01-22 14:45:52 - E 800/2000 | 10回合平均收入: 48.1 | Loss(C/A): 608.74/-91.35 | Alpha: 0.0987
2026-01-22 14:45:58 - E 810/2000 | 10回合平均收入: 82.7 | Loss(C/A): 670.01/-90.38 | Alpha: 0.0979
2026-01-22 14:46:04 - E 820/2000 | 10回合平均收入: 71.3 | Loss(C/A): 659.20/-90.82 | Alpha: 0.0970
2026-01-22 14:46:11 - E 830/2000 | 10回合平均收入: 114.8 | Loss(C/A): 705.58/-90.45 | Alpha: 0.0961
2026-01-22 14:46:16 - E 840/2000 | 10回合平均收入: 78.4 | Loss(C/A): 669.56/-88.69 | Alpha: 0.0953
2026-01-22 14:46:22 - E 850/2000 | 10回合平均收入: 79.7 | Loss(C/A): 641.75/-88.84 | Alpha: 0.0944
2026-01-22 14:46:28 - E 860/2000 | 10回合平均收入: 82.7 | Loss(C/A): 642.01/-88.91 | Alpha: 0.0936
2026-01-22 14:46:33 - E 870/2000 | 10回合平均收入: 91.7 | Loss(C/A): 638.31/-88.15 | Alpha: 0.0927
2026-01-22 14:46:39 - E 880/2000 | 10回合平均收入: 111.4 | Loss(C/A): 594.66/-88.01 | Alpha: 0.0919
2026-01-22 14:46:45 - E 890/2000 | 10回合平均收入: 75.6 | Loss(C/A): 627.15/-87.60 | Alpha: 0.0911
2026-01-22 14:46:52 - E 900/2000 | 10回合平均收入: 125.8 | Loss(C/A): 582.51/-87.64 | Alpha: 0.0902
2026-01-22 14:46:58 - E 910/2000 | 10回合平均收入: 116.0 | Loss(C/A): 607.82/-87.28 | Alpha: 0.0894
2026-01-22 14:47:04 - E 920/2000 | 10回合平均收入: 75.7 | Loss(C/A): 641.56/-86.34 | Alpha: 0.0886
2026-01-22 14:47:10 - E 930/2000 | 10回合平均收入: 66.3 | Loss(C/A): 551.95/-85.48 | Alpha: 0.0878
2026-01-22 14:47:16 - E 940/2000 | 10回合平均收入: 91.8 | Loss(C/A): 582.54/-85.52 | Alpha: 0.0871
2026-01-22 14:47:22 - E 950/2000 | 10回合平均收入: 147.3 | Loss(C/A): 593.36/-85.15 | Alpha: 0.0863
2026-01-22 14:47:28 - E 960/2000 | 10回合平均收入: 78.0 | Loss(C/A): 625.66/-84.82 | Alpha: 0.0855
2026-01-22 14:47:34 - E 970/2000 | 10回合平均收入: 72.3 | Loss(C/A): 525.87/-84.84 | Alpha: 0.0847
2026-01-22 14:47:41 - E 980/2000 | 10回合平均收入: 114.9 | Loss(C/A): 562.26/-84.99 | Alpha: 0.0840
2026-01-22 14:47:47 - E 990/2000 | 10回合平均收入: 88.0 | Loss(C/A): 596.18/-84.79 | Alpha: 0.0832
2026-01-22 14:47:53 - E 1000/2000 | 10回合平均收入: 56.3 | Loss(C/A): 572.29/-83.78 | Alpha: 0.0825
2026-01-22 14:47:59 - E 1010/2000 | 10回合平均收入: 106.7 | Loss(C/A): 550.42/-84.05 | Alpha: 0.0817
2026-01-22 14:48:05 - E 1020/2000 | 10回合平均收入: 110.7 | Loss(C/A): 605.24/-83.48 | Alpha: 0.0810
2026-01-22 14:48:11 - E 1030/2000 | 10回合平均收入: 98.4 | Loss(C/A): 580.19/-83.72 | Alpha: 0.0803
2026-01-22 14:48:17 - E 1040/2000 | 10回合平均收入: 42.8 | Loss(C/A): 533.85/-82.98 | Alpha: 0.0796
2026-01-22 14:48:22 - E 1050/2000 | 10回合平均收入: 70.4 | Loss(C/A): 591.02/-82.50 | Alpha: 0.0788
2026-01-22 14:48:28 - E 1060/2000 | 10回合平均收入: 116.3 | Loss(C/A): 542.71/-82.29 | Alpha: 0.0781
2026-01-22 14:48:35 - E 1070/2000 | 10回合平均收入: 116.1 | Loss(C/A): 556.77/-81.82 | Alpha: 0.0774
2026-01-22 14:48:41 - E 1080/2000 | 10回合平均收入: 108.7 | Loss(C/A): 609.66/-81.48 | Alpha: 0.0767
2026-01-22 14:48:47 - E 1090/2000 | 10回合平均收入: 94.0 | Loss(C/A): 527.39/-81.45 | Alpha: 0.0761
2026-01-22 14:48:53 - E 1100/2000 | 10回合平均收入: 64.0 | Loss(C/A): 552.70/-81.82 | Alpha: 0.0754
2026-01-22 14:48:59 - E 1110/2000 | 10回合平均收入: 75.8 | Loss(C/A): 529.67/-81.03 | Alpha: 0.0747
2026-01-22 14:49:05 - E 1120/2000 | 10回合平均收入: 66.5 | Loss(C/A): 541.75/-79.99 | Alpha: 0.0740
2026-01-22 14:49:11 - E 1130/2000 | 10回合平均收入: 98.6 | Loss(C/A): 578.25/-79.69 | Alpha: 0.0734
2026-01-22 14:49:18 - E 1140/2000 | 10回合平均收入: 97.8 | Loss(C/A): 546.49/-80.27 | Alpha: 0.0727
2026-01-22 14:49:24 - E 1150/2000 | 10回合平均收入: 135.9 | Loss(C/A): 516.75/-79.29 | Alpha: 0.0721
2026-01-22 14:49:30 - E 1160/2000 | 10回合平均收入: 88.5 | Loss(C/A): 568.58/-79.42 | Alpha: 0.0714
2026-01-22 14:49:36 - E 1170/2000 | 10回合平均收入: 168.3 | Loss(C/A): 513.57/-79.31 | Alpha: 0.0708
2026-01-22 14:49:42 - E 1180/2000 | 10回合平均收入: 115.7 | Loss(C/A): 510.86/-78.39 | Alpha: 0.0701
2026-01-22 14:49:48 - E 1190/2000 | 10回合平均收入: 78.0 | Loss(C/A): 544.51/-78.40 | Alpha: 0.0695
2026-01-22 14:49:54 - E 1200/2000 | 10回合平均收入: 47.8 | Loss(C/A): 509.15/-77.91 | Alpha: 0.0689
2026-01-22 14:50:00 - E 1210/2000 | 10回合平均收入: 81.7 | Loss(C/A): 523.93/-78.62 | Alpha: 0.0683
2026-01-22 14:50:29 - >>> 加载已有权重 (no_lstm)。
2026-01-22 14:50:29 - ======== ablation_no_lstm 消融实验启动 ========
2026-01-22 14:50:29 - >>> 新高点！保存最佳模型 (no_lstm)。
2026-01-22 14:50:29 -     历史单回合最高收入: 17.5 (万)
2026-01-22 14:50:29 - >>> 新高点！保存最佳模型 (no_lstm)。
2026-01-22 14:50:29 -     历史单回合最高收入: 27.4 (万)
2026-01-22 14:50:29 - >>> 新高点！保存最佳模型 (no_lstm)。
2026-01-22 14:50:29 -     历史单回合最高收入: 42.1 (万)
2026-01-22 14:50:29 - >>> 新高点！保存最佳模型 (no_lstm)。
2026-01-22 14:50:29 -     历史单回合最高收入: 51.9 (万)
2026-01-22 14:50:30 - E 10/100 | 10回合平均收入: 30.3 | Loss(C/A): 0.00/0.00 | Alpha: 1.0000
2026-01-22 14:50:31 - E 20/100 | 10回合平均收入: 26.3 | Loss(C/A): 0.00/0.00 | Alpha: 1.0000
2026-01-22 14:50:31 - >>> 新高点！保存最佳模型 (no_lstm)。
2026-01-22 14:50:31 -     历史单回合最高收入: 57.3 (万)
2026-01-22 14:50:31 - >>> 新高点！保存最佳模型 (no_lstm)。
2026-01-22 14:50:31 -     历史单回合最高收入: 67.7 (万)
2026-01-22 14:50:31 - E 30/100 | 10回合平均收入: 35.5 | Loss(C/A): 0.00/0.00 | Alpha: 1.0000
2026-01-22 14:50:32 - E 40/100 | 10回合平均收入: 25.6 | Loss(C/A): 0.00/0.00 | Alpha: 1.0000
2026-01-22 14:50:33 - E 50/100 | 10回合平均收入: 24.6 | Loss(C/A): 0.00/0.00 | Alpha: 1.0000
2026-01-22 14:50:35 - >>> 新高点！保存最佳模型 (no_lstm)。
2026-01-22 14:50:35 -     历史单回合最高收入: 165.1 (万)
2026-01-22 14:50:39 - E 60/100 | 10回合平均收入: 88.8 | Loss(C/A): 145.56/0.00 | Alpha: 0.1633
2026-01-22 14:50:42 - >>> 新高点！保存最佳模型 (no_lstm)。
2026-01-22 14:50:42 -     历史单回合最高收入: 247.5 (万)
2026-01-22 14:50:43 - >>> 新高点！保存最佳模型 (no_lstm)。
2026-01-22 14:50:43 -     历史单回合最高收入: 251.1 (万)
2026-01-22 14:50:44 - E 70/100 | 10回合平均收入: 103.5 | Loss(C/A): 111.83/-8.12 | Alpha: 0.1618
2026-01-22 14:50:50 - E 80/100 | 10回合平均收入: 81.0 | Loss(C/A): 99.40/-16.42 | Alpha: 0.1604
2026-01-22 14:50:50 - >>> 新高点！保存最佳模型 (no_lstm)。
2026-01-22 14:50:50 -     历史单回合最高收入: 781.5 (万)
2026-01-22 14:50:56 - E 90/100 | 10回合平均收入: 177.8 | Loss(C/A): 133.73/-23.86 | Alpha: 0.1590
2026-01-22 14:51:02 - E 100/100 | 10回合平均收入: 153.5 | Loss(C/A): 164.84/-31.60 | Alpha: 0.1575
2026-01-22 14:51:03 - >>> 加载已有权重 (no_entropy)。
2026-01-22 14:51:03 - ======== ablation_no_entropy 消融实验启动 ========
2026-01-22 14:51:04 - >>> 新高点！保存最佳模型 (no_entropy)。
2026-01-22 14:51:04 -     历史单回合最高收入: 41.8 (万)
2026-01-22 14:51:04 - >>> 新高点！保存最佳模型 (no_entropy)。
2026-01-22 14:51:04 -     历史单回合最高收入: 55.6 (万)
2026-01-22 14:51:04 - E 10/100 | 10回合平均收入: 22.5 | Loss(C/A): 0.00/0.00 | Alpha: 1.0000
2026-01-22 14:51:05 - E 20/100 | 10回合平均收入: 28.5 | Loss(C/A): 0.00/0.00 | Alpha: 1.0000
2026-01-22 14:51:05 - >>> 新高点！保存最佳模型 (no_entropy)。
2026-01-22 14:51:05 -     历史单回合最高收入: 55.7 (万)
2026-01-22 14:51:06 - >>> 新高点！保存最佳模型 (no_entropy)。
2026-01-22 14:51:06 -     历史单回合最高收入: 57.9 (万)
2026-01-22 14:51:06 - E 30/100 | 10回合平均收入: 32.2 | Loss(C/A): 0.00/0.00 | Alpha: 1.0000
2026-01-22 14:51:07 - E 40/100 | 10回合平均收入: 28.4 | Loss(C/A): 0.00/0.00 | Alpha: 1.0000
2026-01-22 14:51:07 - >>> 新高点！保存最佳模型 (no_entropy)。
2026-01-22 14:51:07 -     历史单回合最高收入: 63.9 (万)
2026-01-22 14:51:08 - E 50/100 | 10回合平均收入: 28.5 | Loss(C/A): 0.00/0.00 | Alpha: 1.0000
2026-01-22 14:51:26 - >>> 新高点！保存最佳模型 (no_entropy)。
2026-01-22 14:51:26 -     历史单回合最高收入: 151.0 (万)
2026-01-22 14:52:15 - E 60/100 | 10回合平均收入: 58.3 | Loss(C/A): 21.54/-14.50 | Alpha: 0.0000
2026-01-22 14:52:52 - >>> 新高点！保存最佳模型 (no_entropy)。
2026-01-22 14:52:52 -     历史单回合最高收入: 197.4 (万)
2026-01-22 14:52:58 - >>> 新高点！保存最佳模型 (no_entropy)。
2026-01-22 14:52:58 -     历史单回合最高收入: 204.8 (万)
2026-01-22 14:53:17 - E 70/100 | 10回合平均收入: 90.2 | Loss(C/A): 24.73/-17.03 | Alpha: 0.0000
2026-01-22 14:54:19 - E 80/100 | 10回合平均收入: 78.1 | Loss(C/A): 35.70/-19.54 | Alpha: 0.0000
2026-01-22 14:54:25 - >>> 新高点！保存最佳模型 (no_entropy)。
2026-01-22 14:54:25 -     历史单回合最高收入: 781.5 (万)
2026-01-22 14:55:21 - E 90/100 | 10回合平均收入: 176.7 | Loss(C/A): 120.79/-23.42 | Alpha: 0.0000
2026-01-22 14:56:22 - E 100/100 | 10回合平均收入: 155.4 | Loss(C/A): 124.81/-27.01 | Alpha: 0.0000
2026-01-22 15:07:07 - >>> 加载已有权重 (no_lstm)。
2026-01-22 15:07:07 - ======== ablation_no_lstm 消融实验启动 ========
2026-01-22 15:07:07 - >>> 新高点！保存最佳模型 (no_lstm)。
2026-01-22 15:07:07 -     历史单回合最高收入: 17.5 (万)
2026-01-22 15:07:08 - >>> 新高点！保存最佳模型 (no_lstm)。
2026-01-22 15:07:08 -     历史单回合最高收入: 27.4 (万)
2026-01-22 15:07:08 - >>> 新高点！保存最佳模型 (no_lstm)。
2026-01-22 15:07:08 -     历史单回合最高收入: 42.1 (万)
2026-01-22 15:07:08 - >>> 新高点！保存最佳模型 (no_lstm)。
2026-01-22 15:07:08 -     历史单回合最高收入: 51.9 (万)
2026-01-22 15:07:08 - E 10/400 | 10回合平均收入: 30.3 | Loss(C/A): 0.00/0.00 | Alpha: 1.0000
2026-01-22 15:07:09 - E 20/400 | 10回合平均收入: 26.3 | Loss(C/A): 0.00/0.00 | Alpha: 1.0000
2026-01-22 15:07:09 - >>> 新高点！保存最佳模型 (no_lstm)。
2026-01-22 15:07:09 -     历史单回合最高收入: 57.3 (万)
2026-01-22 15:07:10 - >>> 新高点！保存最佳模型 (no_lstm)。
2026-01-22 15:07:10 -     历史单回合最高收入: 67.7 (万)
2026-01-22 15:07:10 - E 30/400 | 10回合平均收入: 35.5 | Loss(C/A): 0.00/0.00 | Alpha: 1.0000
2026-01-22 15:07:20 - >>> 加载已有权重 (no_lstm)。
2026-01-22 15:07:20 - ======== ablation_no_lstm 消融实验启动 ========
2026-01-22 15:07:21 - >>> 新高点！保存最佳模型 (no_lstm)。
2026-01-22 15:07:21 -     历史单回合最高收入: 17.5 (万)
2026-01-22 15:07:21 - >>> 新高点！保存最佳模型 (no_lstm)。
2026-01-22 15:07:21 -     历史单回合最高收入: 27.4 (万)
2026-01-22 15:07:21 - >>> 新高点！保存最佳模型 (no_lstm)。
2026-01-22 15:07:21 -     历史单回合最高收入: 42.1 (万)
2026-01-22 15:07:21 - >>> 新高点！保存最佳模型 (no_lstm)。
2026-01-22 15:07:21 -     历史单回合最高收入: 51.9 (万)
2026-01-22 15:07:21 - E 10/400 | 10回合平均收入: 30.3 | Loss(C/A): 0.00/0.00 | Alpha: 1.0000
2026-01-22 15:07:22 - E 20/400 | 10回合平均收入: 26.3 | Loss(C/A): 0.00/0.00 | Alpha: 1.0000
2026-01-22 15:07:22 - >>> 新高点！保存最佳模型 (no_lstm)。
2026-01-22 15:07:22 -     历史单回合最高收入: 57.3 (万)
2026-01-22 15:07:23 - >>> 新高点！保存最佳模型 (no_lstm)。
2026-01-22 15:07:23 -     历史单回合最高收入: 67.7 (万)
2026-01-22 15:07:23 - E 30/400 | 10回合平均收入: 35.5 | Loss(C/A): 0.00/0.00 | Alpha: 1.0000
2026-01-22 15:07:24 - E 40/400 | 10回合平均收入: 25.6 | Loss(C/A): 0.00/0.00 | Alpha: 1.0000
2026-01-22 15:07:24 - E 50/400 | 10回合平均收入: 24.6 | Loss(C/A): 0.00/0.00 | Alpha: 1.0000
2026-01-22 15:07:26 - >>> 新高点！保存最佳模型 (no_lstm)。
2026-01-22 15:07:26 -     历史单回合最高收入: 149.4 (万)
2026-01-22 15:07:30 - >>> 新高点！保存最佳模型 (no_lstm)。
2026-01-22 15:07:30 -     历史单回合最高收入: 174.9 (万)
2026-01-22 15:07:30 - E 60/400 | 10回合平均收入: 95.1 | Loss(C/A): 40.52/-7.49 | Alpha: 0.1560
2026-01-22 15:07:33 - >>> 新高点！保存最佳模型 (no_lstm)。
2026-01-22 15:07:33 -     历史单回合最高收入: 249.0 (万)
2026-01-22 15:07:34 - >>> 新高点！保存最佳模型 (no_lstm)。
2026-01-22 15:07:34 -     历史单回合最高收入: 276.4 (万)
2026-01-22 15:07:36 - E 70/400 | 10回合平均收入: 108.3 | Loss(C/A): 42.88/-15.34 | Alpha: 0.1518
2026-01-22 15:07:41 - E 80/400 | 10回合平均收入: 81.1 | Loss(C/A): 54.75/-22.23 | Alpha: 0.1478
2026-01-22 15:07:42 - >>> 新高点！保存最佳模型 (no_lstm)。
2026-01-22 15:07:42 -     历史单回合最高收入: 781.5 (万)
2026-01-22 15:07:47 - E 90/400 | 10回合平均收入: 178.8 | Loss(C/A): 105.70/-28.74 | Alpha: 0.1439
2026-01-22 15:07:52 - E 100/400 | 10回合平均收入: 155.9 | Loss(C/A): 140.37/-35.30 | Alpha: 0.1400
2026-01-22 15:07:59 - E 110/400 | 10回合平均收入: 97.1 | Loss(C/A): 159.00/-39.58 | Alpha: 0.1363
2026-01-22 15:08:05 - E 120/400 | 10回合平均收入: 64.0 | Loss(C/A): 207.62/-43.44 | Alpha: 0.1327
2026-01-22 15:08:11 - E 130/400 | 10回合平均收入: 105.6 | Loss(C/A): 203.37/-47.77 | Alpha: 0.1291
2026-01-22 15:08:17 - E 140/400 | 10回合平均收入: 86.7 | Loss(C/A): 265.15/-51.54 | Alpha: 0.1257
2026-01-22 15:08:23 - E 150/400 | 10回合平均收入: 124.0 | Loss(C/A): 266.31/-55.73 | Alpha: 0.1223
2026-01-22 15:08:30 - E 160/400 | 10回合平均收入: 101.1 | Loss(C/A): 300.83/-59.43 | Alpha: 0.1191
2026-01-22 15:08:37 - E 170/400 | 10回合平均收入: 93.1 | Loss(C/A): 323.74/-61.43 | Alpha: 0.1159
2026-01-22 15:08:43 - E 180/400 | 10回合平均收入: 69.2 | Loss(C/A): 364.68/-63.94 | Alpha: 0.1128
2026-01-22 15:08:49 - E 190/400 | 10回合平均收入: 64.4 | Loss(C/A): 352.83/-65.39 | Alpha: 0.1098
2026-01-22 15:08:56 - E 200/400 | 10回合平均收入: 74.1 | Loss(C/A): 387.06/-67.49 | Alpha: 0.1069
2026-01-22 15:09:03 - E 210/400 | 10回合平均收入: 90.0 | Loss(C/A): 387.65/-68.93 | Alpha: 0.1040
2026-01-22 15:09:09 - E 220/400 | 10回合平均收入: 135.7 | Loss(C/A): 459.41/-70.11 | Alpha: 0.1012
2026-01-22 15:09:16 - E 230/400 | 10回合平均收入: 99.9 | Loss(C/A): 440.46/-71.70 | Alpha: 0.0985
2026-01-22 15:09:17 - >>> 新高点！保存最佳模型 (no_lstm)。
2026-01-22 15:09:17 -     历史单回合最高收入: 920.7 (万)
2026-01-22 15:09:22 - E 240/400 | 10回合平均收入: 152.3 | Loss(C/A): 482.81/-72.97 | Alpha: 0.0959
2026-01-22 15:09:28 - E 250/400 | 10回合平均收入: 106.3 | Loss(C/A): 484.67/-74.06 | Alpha: 0.0934
2026-01-22 15:09:33 - E 260/400 | 10回合平均收入: 70.3 | Loss(C/A): 520.82/-73.88 | Alpha: 0.0909
2026-01-22 15:09:39 - E 270/400 | 10回合平均收入: 114.6 | Loss(C/A): 499.39/-74.71 | Alpha: 0.0885
2026-01-22 15:09:44 - E 280/400 | 10回合平均收入: 99.4 | Loss(C/A): 458.00/-75.67 | Alpha: 0.0861
2026-01-22 15:09:51 - E 290/400 | 10回合平均收入: 112.0 | Loss(C/A): 487.99/-76.25 | Alpha: 0.0838
2026-01-22 15:09:57 - E 300/400 | 10回合平均收入: 113.3 | Loss(C/A): 507.62/-76.30 | Alpha: 0.0816
2026-01-22 15:10:03 - E 310/400 | 10回合平均收入: 124.5 | Loss(C/A): 514.94/-77.14 | Alpha: 0.0794
2026-01-22 15:10:09 - E 320/400 | 10回合平均收入: 92.0 | Loss(C/A): 513.73/-77.86 | Alpha: 0.0773
2026-01-22 15:10:15 - E 330/400 | 10回合平均收入: 105.5 | Loss(C/A): 497.57/-78.30 | Alpha: 0.0752
2026-01-22 15:10:21 - E 340/400 | 10回合平均收入: 71.8 | Loss(C/A): 546.16/-77.23 | Alpha: 0.0732
2026-01-22 15:10:27 - E 350/400 | 10回合平均收入: 84.8 | Loss(C/A): 542.61/-78.16 | Alpha: 0.0713
2026-01-22 15:10:33 - E 360/400 | 10回合平均收入: 92.2 | Loss(C/A): 516.27/-78.69 | Alpha: 0.0694
2026-01-22 15:10:39 - E 370/400 | 10回合平均收入: 115.3 | Loss(C/A): 536.03/-78.62 | Alpha: 0.0675
2026-01-22 15:10:46 - E 380/400 | 10回合平均收入: 89.4 | Loss(C/A): 566.63/-77.81 | Alpha: 0.0658
2026-01-22 15:10:52 - E 390/400 | 10回合平均收入: 129.4 | Loss(C/A): 539.13/-77.87 | Alpha: 0.0640
2026-01-22 15:10:59 - E 400/400 | 10回合平均收入: 76.0 | Loss(C/A): 567.82/-78.21 | Alpha: 0.0623
2026-01-22 15:11:00 - >>> 加载已有权重 (no_entropy)。
2026-01-22 15:11:00 - ======== ablation_no_entropy 消融实验启动 ========
2026-01-22 15:11:00 - >>> 新高点！保存最佳模型 (no_entropy)。
2026-01-22 15:11:00 -     历史单回合最高收入: 41.8 (万)
2026-01-22 15:11:00 - >>> 新高点！保存最佳模型 (no_entropy)。
2026-01-22 15:11:00 -     历史单回合最高收入: 55.6 (万)
2026-01-22 15:11:01 - E 10/400 | 10回合平均收入: 22.5 | Loss(C/A): 0.00/0.00 | Alpha: 1.0000
2026-01-22 15:11:02 - E 20/400 | 10回合平均收入: 28.5 | Loss(C/A): 0.00/0.00 | Alpha: 1.0000
2026-01-22 15:11:02 - >>> 新高点！保存最佳模型 (no_entropy)。
2026-01-22 15:11:02 -     历史单回合最高收入: 55.7 (万)
2026-01-22 15:11:02 - >>> 新高点！保存最佳模型 (no_entropy)。
2026-01-22 15:11:02 -     历史单回合最高收入: 57.9 (万)
2026-01-22 15:11:02 - E 30/400 | 10回合平均收入: 32.2 | Loss(C/A): 0.00/0.00 | Alpha: 1.0000
2026-01-22 15:11:03 - E 40/400 | 10回合平均收入: 28.4 | Loss(C/A): 0.00/0.00 | Alpha: 1.0000
2026-01-22 15:11:04 - >>> 新高点！保存最佳模型 (no_entropy)。
2026-01-22 15:11:04 -     历史单回合最高收入: 63.9 (万)
2026-01-22 15:11:04 - E 50/400 | 10回合平均收入: 28.5 | Loss(C/A): 0.00/0.00 | Alpha: 1.0000
2026-01-22 15:11:23 - >>> 新高点！保存最佳模型 (no_entropy)。
2026-01-22 15:11:23 -     历史单回合最高收入: 138.5 (万)
2026-01-22 15:12:06 - >>> 新高点！保存最佳模型 (no_entropy)。
2026-01-22 15:12:06 -     历史单回合最高收入: 194.7 (万)
2026-01-22 15:12:12 - E 60/400 | 10回合平均收入: 95.3 | Loss(C/A): 25.74/-15.62 | Alpha: 0.0000
2026-01-22 15:12:50 - >>> 新高点！保存最佳模型 (no_entropy)。
2026-01-22 15:12:50 -     历史单回合最高收入: 260.4 (万)
2026-01-22 15:12:56 - >>> 新高点！保存最佳模型 (no_entropy)。
2026-01-22 15:12:56 -     历史单回合最高收入: 304.3 (万)
2026-01-22 15:13:15 - E 70/400 | 10回合平均收入: 113.5 | Loss(C/A): 37.25/-19.06 | Alpha: 0.0000
2026-01-22 15:14:18 - E 80/400 | 10回合平均收入: 86.5 | Loss(C/A): 49.19/-22.50 | Alpha: 0.0000
2026-01-22 15:14:24 - >>> 新高点！保存最佳模型 (no_entropy)。
2026-01-22 15:14:24 -     历史单回合最高收入: 781.5 (万)
2026-01-22 15:15:21 - E 90/400 | 10回合平均收入: 177.0 | Loss(C/A): 148.05/-26.54 | Alpha: 0.0000
2026-01-22 15:16:24 - E 100/400 | 10回合平均收入: 161.9 | Loss(C/A): 145.59/-30.89 | Alpha: 0.0000
2026-01-22 15:17:27 - E 110/400 | 10回合平均收入: 98.7 | Loss(C/A): 140.00/-32.65 | Alpha: 0.0000
2026-01-22 15:18:30 - E 120/400 | 10回合平均收入: 57.6 | Loss(C/A): 161.71/-34.66 | Alpha: 0.0000
2026-01-22 15:19:32 - E 130/400 | 10回合平均收入: 106.7 | Loss(C/A): 163.61/-36.58 | Alpha: 0.0000
2026-01-22 15:20:35 - E 140/400 | 10回合平均收入: 88.2 | Loss(C/A): 196.80/-38.85 | Alpha: 0.0000
2026-01-22 15:21:37 - E 150/400 | 10回合平均收入: 123.9 | Loss(C/A): 208.66/-40.30 | Alpha: 0.0000
2026-01-22 15:22:40 - E 160/400 | 10回合平均收入: 93.4 | Loss(C/A): 218.41/-42.15 | Alpha: 0.0000
2026-01-22 15:23:42 - E 170/400 | 10回合平均收入: 89.1 | Loss(C/A): 215.35/-42.47 | Alpha: 0.0000
2026-01-22 15:24:45 - E 180/400 | 10回合平均收入: 65.4 | Loss(C/A): 263.07/-43.73 | Alpha: 0.0000
2026-01-22 15:25:48 - E 190/400 | 10回合平均收入: 55.1 | Loss(C/A): 258.82/-43.60 | Alpha: 0.0000
2026-01-22 15:26:50 - E 200/400 | 10回合平均收入: 55.6 | Loss(C/A): 237.43/-44.26 | Alpha: 0.0000
2026-01-22 15:27:52 - E 210/400 | 10回合平均收入: 79.8 | Loss(C/A): 231.34/-44.37 | Alpha: 0.0000
2026-01-22 15:28:55 - E 220/400 | 10回合平均收入: 122.2 | Loss(C/A): 295.63/-45.66 | Alpha: 0.0000
2026-01-22 15:29:58 - E 230/400 | 10回合平均收入: 91.6 | Loss(C/A): 297.61/-45.64 | Alpha: 0.0000
2026-01-22 15:30:04 - >>> 新高点！保存最佳模型 (no_entropy)。
2026-01-22 15:30:04 -     历史单回合最高收入: 920.2 (万)
2026-01-22 15:31:01 - E 240/400 | 10回合平均收入: 143.8 | Loss(C/A): 334.65/-46.96 | Alpha: 0.0000
2026-01-22 15:32:03 - E 250/400 | 10回合平均收入: 92.2 | Loss(C/A): 326.34/-46.34 | Alpha: 0.0000
2026-01-22 15:33:05 - E 260/400 | 10回合平均收入: 59.5 | Loss(C/A): 339.11/-46.23 | Alpha: 0.0000
2026-01-22 15:34:08 - E 270/400 | 10回合平均收入: 93.1 | Loss(C/A): 392.70/-46.36 | Alpha: 0.0000
2026-01-22 15:35:10 - E 280/400 | 10回合平均收入: 87.2 | Loss(C/A): 379.10/-45.42 | Alpha: 0.0000
2026-01-22 15:36:13 - E 290/400 | 10回合平均收入: 97.0 | Loss(C/A): 391.59/-45.85 | Alpha: 0.0000
2026-01-22 15:37:15 - E 300/400 | 10回合平均收入: 99.9 | Loss(C/A): 454.46/-45.72 | Alpha: 0.0000
2026-01-22 15:38:19 - E 310/400 | 10回合平均收入: 114.3 | Loss(C/A): 464.42/-46.67 | Alpha: 0.0000
2026-01-22 15:39:21 - E 320/400 | 10回合平均收入: 66.4 | Loss(C/A): 430.53/-46.29 | Alpha: 0.0000
2026-01-22 15:40:24 - E 330/400 | 10回合平均收入: 82.7 | Loss(C/A): 533.77/-45.93 | Alpha: 0.0000
2026-01-22 15:41:27 - E 340/400 | 10回合平均收入: 61.8 | Loss(C/A): 374.36/-45.40 | Alpha: 0.0000
2026-01-22 15:42:29 - E 350/400 | 10回合平均收入: 69.7 | Loss(C/A): 377.95/-45.70 | Alpha: 0.0000
2026-01-22 15:43:32 - E 360/400 | 10回合平均收入: 75.8 | Loss(C/A): 432.99/-45.66 | Alpha: 0.0000
2026-01-22 15:44:35 - E 370/400 | 10回合平均收入: 98.8 | Loss(C/A): 454.85/-45.09 | Alpha: 0.0000
2026-01-22 15:45:37 - E 380/400 | 10回合平均收入: 70.8 | Loss(C/A): 359.53/-44.43 | Alpha: 0.0000
2026-01-22 15:46:40 - E 390/400 | 10回合平均收入: 113.9 | Loss(C/A): 421.11/-45.39 | Alpha: 0.0000
2026-01-22 15:47:43 - E 400/400 | 10回合平均收入: 65.4 | Loss(C/A): 560.45/-44.66 | Alpha: 0.0000
