2026-01-22 13:51:31 - ======== ablation_no_entropy 消融实验启动 ========
2026-01-22 13:51:31 - >>> 新高点！保存最佳模型 (no_entropy)。
2026-01-22 13:51:31 -     历史单回合最高收入: 41.8 (万)
2026-01-22 13:51:31 - >>> 新高点！保存最佳模型 (no_entropy)。
2026-01-22 13:51:31 -     历史单回合最高收入: 55.6 (万)
2026-01-22 13:51:32 - E 10/2000 | 10回合平均收入: 22.5 | Loss(C/A): 0.00/0.00 | Alpha: 1.0000
2026-01-22 13:51:32 - E 20/2000 | 10回合平均收入: 28.5 | Loss(C/A): 0.00/0.00 | Alpha: 1.0000
2026-01-22 13:51:33 - >>> 新高点！保存最佳模型 (no_entropy)。
2026-01-22 13:51:33 -     历史单回合最高收入: 55.7 (万)
2026-01-22 13:51:33 - >>> 新高点！保存最佳模型 (no_entropy)。
2026-01-22 13:51:33 -     历史单回合最高收入: 57.9 (万)
2026-01-22 13:51:33 - E 30/2000 | 10回合平均收入: 32.2 | Loss(C/A): 0.00/0.00 | Alpha: 1.0000
2026-01-22 13:51:34 - E 40/2000 | 10回合平均收入: 28.4 | Loss(C/A): 0.00/0.00 | Alpha: 1.0000
2026-01-22 13:51:34 - >>> 新高点！保存最佳模型 (no_entropy)。
2026-01-22 13:51:34 -     历史单回合最高收入: 63.9 (万)
2026-01-22 13:51:35 - E 50/2000 | 10回合平均收入: 28.5 | Loss(C/A): 0.00/0.00 | Alpha: 1.0000
2026-01-22 13:51:53 - >>> 新高点！保存最佳模型 (no_entropy)。
2026-01-22 13:51:53 -     历史单回合最高收入: 69.5 (万)
2026-01-22 13:52:17 - >>> 新高点！保存最佳模型 (no_entropy)。
2026-01-22 13:52:17 -     历史单回合最高收入: 115.2 (万)
2026-01-22 13:52:36 - >>> 新高点！保存最佳模型 (no_entropy)。
2026-01-22 13:52:36 -     历史单回合最高收入: 163.7 (万)
2026-01-22 13:52:42 - >>> 新高点！保存最佳模型 (no_entropy)。
2026-01-22 13:52:42 -     历史单回合最高收入: 168.6 (万)
2026-01-22 13:52:42 - E 60/2000 | 10回合平均收入: 85.1 | Loss(C/A): 4.51/-5.06 | Alpha: 0.0000
2026-01-22 13:53:20 - >>> 新高点！保存最佳模型 (no_entropy)。
2026-01-22 13:53:20 -     历史单回合最高收入: 171.4 (万)
2026-01-22 13:53:26 - >>> 新高点！保存最佳模型 (no_entropy)。
2026-01-22 13:53:26 -     历史单回合最高收入: 281.9 (万)
2026-01-22 13:53:46 - E 70/2000 | 10回合平均收入: 101.0 | Loss(C/A): 11.38/-9.27 | Alpha: 0.0000
2026-01-22 13:54:48 - E 80/2000 | 10回合平均收入: 83.0 | Loss(C/A): 24.92/-14.43 | Alpha: 0.0000
2026-01-22 13:54:54 - >>> 新高点！保存最佳模型 (no_entropy)。
2026-01-22 13:54:54 -     历史单回合最高收入: 781.5 (万)
2026-01-22 13:55:51 - E 90/2000 | 10回合平均收入: 176.9 | Loss(C/A): 84.11/-20.67 | Alpha: 0.0000
2026-01-22 13:56:53 - E 100/2000 | 10回合平均收入: 157.7 | Loss(C/A): 133.09/-26.45 | Alpha: 0.0000
2026-01-22 13:57:56 - E 110/2000 | 10回合平均收入: 92.4 | Loss(C/A): 143.78/-30.45 | Alpha: 0.0000
2026-01-22 13:58:59 - E 120/2000 | 10回合平均收入: 59.1 | Loss(C/A): 202.72/-33.88 | Alpha: 0.0000
2026-01-22 14:00:02 - E 130/2000 | 10回合平均收入: 104.6 | Loss(C/A): 183.20/-37.27 | Alpha: 0.0000
2026-01-22 14:01:05 - E 140/2000 | 10回合平均收入: 92.3 | Loss(C/A): 280.10/-40.91 | Alpha: 0.0000
2026-01-22 14:02:09 - E 150/2000 | 10回合平均收入: 126.3 | Loss(C/A): 263.81/-44.48 | Alpha: 0.0000
2026-01-22 14:03:12 - E 160/2000 | 10回合平均收入: 93.7 | Loss(C/A): 303.39/-48.11 | Alpha: 0.0000
2026-01-22 14:04:14 - E 170/2000 | 10回合平均收入: 95.3 | Loss(C/A): 334.55/-49.86 | Alpha: 0.0000
2026-01-22 14:05:17 - E 180/2000 | 10回合平均收入: 73.6 | Loss(C/A): 384.26/-52.86 | Alpha: 0.0000
2026-01-22 14:06:20 - E 190/2000 | 10回合平均收入: 60.6 | Loss(C/A): 388.81/-53.65 | Alpha: 0.0000
2026-01-22 14:07:22 - E 200/2000 | 10回合平均收入: 68.7 | Loss(C/A): 400.17/-55.50 | Alpha: 0.0000
2026-01-22 14:08:25 - E 210/2000 | 10回合平均收入: 84.4 | Loss(C/A): 396.65/-56.01 | Alpha: 0.0000
2026-01-22 14:09:28 - E 220/2000 | 10回合平均收入: 131.2 | Loss(C/A): 450.30/-57.55 | Alpha: 0.0000
2026-01-22 14:10:31 - E 230/2000 | 10回合平均收入: 96.5 | Loss(C/A): 445.42/-58.47 | Alpha: 0.0000
2026-01-22 14:10:38 - >>> 新高点！保存最佳模型 (no_entropy)。
2026-01-22 14:10:38 -     历史单回合最高收入: 924.5 (万)
2026-01-22 14:11:34 - E 240/2000 | 10回合平均收入: 151.3 | Loss(C/A): 479.13/-59.69 | Alpha: 0.0000
2026-01-22 14:12:37 - E 250/2000 | 10回合平均收入: 99.5 | Loss(C/A): 483.34/-59.52 | Alpha: 0.0000
2026-01-22 14:13:40 - E 260/2000 | 10回合平均收入: 66.1 | Loss(C/A): 514.89/-59.65 | Alpha: 0.0000
2026-01-22 14:14:43 - E 270/2000 | 10回合平均收入: 100.3 | Loss(C/A): 473.22/-59.98 | Alpha: 0.0000
2026-01-22 14:15:46 - E 280/2000 | 10回合平均收入: 89.1 | Loss(C/A): 433.95/-59.24 | Alpha: 0.0000
2026-01-22 14:16:49 - E 290/2000 | 10回合平均收入: 110.9 | Loss(C/A): 450.99/-59.87 | Alpha: 0.0000
2026-01-22 14:17:51 - E 300/2000 | 10回合平均收入: 100.8 | Loss(C/A): 430.96/-59.81 | Alpha: 0.0000
2026-01-22 14:18:54 - E 310/2000 | 10回合平均收入: 120.9 | Loss(C/A): 480.08/-60.31 | Alpha: 0.0000
2026-01-22 14:19:57 - E 320/2000 | 10回合平均收入: 83.0 | Loss(C/A): 447.65/-60.68 | Alpha: 0.0000
2026-01-22 14:20:59 - E 330/2000 | 10回合平均收入: 97.3 | Loss(C/A): 548.70/-59.98 | Alpha: 0.0000
2026-01-22 14:22:02 - E 340/2000 | 10回合平均收入: 72.7 | Loss(C/A): 440.68/-59.58 | Alpha: 0.0000
2026-01-22 14:23:04 - E 350/2000 | 10回合平均收入: 81.1 | Loss(C/A): 450.58/-59.77 | Alpha: 0.0000
2026-01-22 14:24:07 - E 360/2000 | 10回合平均收入: 84.6 | Loss(C/A): 447.67/-60.10 | Alpha: 0.0000
2026-01-22 14:25:10 - E 370/2000 | 10回合平均收入: 108.9 | Loss(C/A): 425.11/-60.23 | Alpha: 0.0000
2026-01-22 14:26:13 - E 380/2000 | 10回合平均收入: 73.8 | Loss(C/A): 438.86/-59.02 | Alpha: 0.0000
2026-01-22 14:27:16 - E 390/2000 | 10回合平均收入: 111.2 | Loss(C/A): 435.06/-59.94 | Alpha: 0.0000
2026-01-22 14:28:19 - E 400/2000 | 10回合平均收入: 71.2 | Loss(C/A): 455.54/-59.30 | Alpha: 0.0000
2026-01-22 14:29:23 - E 410/2000 | 10回合平均收入: 94.8 | Loss(C/A): 441.38/-58.29 | Alpha: 0.0000
2026-01-22 14:30:26 - E 420/2000 | 10回合平均收入: 92.3 | Loss(C/A): 388.31/-58.39 | Alpha: 0.0000
2026-01-22 14:31:29 - E 430/2000 | 10回合平均收入: 69.0 | Loss(C/A): 459.90/-57.83 | Alpha: 0.0000
2026-01-22 14:32:32 - E 440/2000 | 10回合平均收入: 101.7 | Loss(C/A): 430.90/-58.26 | Alpha: 0.0000
2026-01-22 14:33:35 - E 450/2000 | 10回合平均收入: 95.4 | Loss(C/A): 399.85/-57.42 | Alpha: 0.0000
2026-01-22 14:34:37 - E 460/2000 | 10回合平均收入: 85.3 | Loss(C/A): 406.17/-56.98 | Alpha: 0.0000
2026-01-22 14:35:40 - E 470/2000 | 10回合平均收入: 112.9 | Loss(C/A): 374.32/-55.87 | Alpha: 0.0000
2026-01-22 14:36:43 - E 480/2000 | 10回合平均收入: 90.6 | Loss(C/A): 388.80/-56.67 | Alpha: 0.0000
2026-01-22 14:37:46 - E 490/2000 | 10回合平均收入: 96.1 | Loss(C/A): 397.76/-56.19 | Alpha: 0.0000
